2017-04-07 11:46:17 [scrapy.utils.log] INFO: Scrapy 1.3.3 started (bot: baidutieba)
2017-04-07 11:46:17 [scrapy.utils.log] INFO: Overridden settings: {'DOWNLOAD_DELAY': 3, 'BOT_NAME': 'baidutieba', 'CONCURRENT_REQUESTS': 32, 'LOG_LEVEL': 'INFO', 'COOKIES_ENABLED': False, 'ROBOTSTXT_OBEY': True, 'RETRY_ENABLED': False, 'DOWNLOAD_TIMEOUT': 10, 'REDIRECT_ENABLED': False, 'NEWSPIDER_MODULE': 'baidutieba.spiders', 'SPIDER_MODULES': ['baidutieba.spiders'], 'LOG_ENABLED': False, 'LOG_FILE': './log/scrapy.log'}
2017-04-07 11:46:22 [scrapy.utils.log] INFO: Scrapy 1.3.3 started (bot: baidutieba)
2017-04-07 11:46:22 [scrapy.utils.log] INFO: Overridden settings: {'NEWSPIDER_MODULE': 'baidutieba.spiders', 'REDIRECT_ENABLED': False, 'DOWNLOAD_TIMEOUT': 10, 'BOT_NAME': 'baidutieba', 'CONCURRENT_REQUESTS': 32, 'RETRY_ENABLED': False, 'DOWNLOAD_DELAY': 3, 'SPIDER_MODULES': ['baidutieba.spiders'], 'LOG_LEVEL': 'INFO', 'LOG_FILE': './log/scrapy.log', 'ROBOTSTXT_OBEY': True, 'COOKIES_ENABLED': False}
2017-04-07 11:46:22 [scrapy.middleware] INFO: Enabled extensions:
['scrapy.extensions.corestats.CoreStats',
 'scrapy.extensions.telnet.TelnetConsole',
 'scrapy.extensions.logstats.LogStats']
2017-04-07 11:46:22 [scrapy.middleware] INFO: Enabled downloader middlewares:
['scrapy.downloadermiddlewares.robotstxt.RobotsTxtMiddleware',
 'scrapy.downloadermiddlewares.httpauth.HttpAuthMiddleware',
 'scrapy.downloadermiddlewares.downloadtimeout.DownloadTimeoutMiddleware',
 'scrapy.downloadermiddlewares.defaultheaders.DefaultHeadersMiddleware',
 'scrapy.downloadermiddlewares.useragent.UserAgentMiddleware',
 'scrapy.downloadermiddlewares.redirect.MetaRefreshMiddleware',
 'scrapy.downloadermiddlewares.httpcompression.HttpCompressionMiddleware',
 'scrapy.downloadermiddlewares.stats.DownloaderStats']
2017-04-07 11:46:22 [scrapy.middleware] INFO: Enabled spider middlewares:
['scrapy.spidermiddlewares.httperror.HttpErrorMiddleware',
 'scrapy.spidermiddlewares.offsite.OffsiteMiddleware',
 'scrapy.spidermiddlewares.referer.RefererMiddleware',
 'scrapy.spidermiddlewares.urllength.UrlLengthMiddleware',
 'scrapy.spidermiddlewares.depth.DepthMiddleware']
2017-04-07 11:46:22 [scrapy.middleware] INFO: Enabled item pipelines:
['baidutieba.pipelines.NormPipeline', 'baidutieba.pipelines.MongodbPipeline']
2017-04-07 11:46:22 [scrapy.core.engine] INFO: Spider opened
2017-04-07 11:46:22 [scrapy.extensions.logstats] INFO: Crawled 0 pages (at 0 pages/min), scraped 0 items (at 0 items/min)
2017-04-07 11:47:22 [scrapy.extensions.logstats] INFO: Crawled 18 pages (at 18 pages/min), scraped 0 items (at 0 items/min)
2017-04-07 11:48:22 [scrapy.extensions.logstats] INFO: Crawled 33 pages (at 15 pages/min), scraped 0 items (at 0 items/min)
2017-04-07 11:49:22 [scrapy.extensions.logstats] INFO: Crawled 50 pages (at 17 pages/min), scraped 16 items (at 16 items/min)
2017-04-07 11:50:22 [scrapy.extensions.logstats] INFO: Crawled 66 pages (at 16 pages/min), scraped 32 items (at 16 items/min)
2017-04-07 11:51:22 [scrapy.extensions.logstats] INFO: Crawled 84 pages (at 18 pages/min), scraped 50 items (at 18 items/min)
2017-04-07 11:52:22 [scrapy.extensions.logstats] INFO: Crawled 101 pages (at 17 pages/min), scraped 67 items (at 17 items/min)
2017-04-07 11:53:22 [scrapy.extensions.logstats] INFO: Crawled 119 pages (at 18 pages/min), scraped 84 items (at 17 items/min)
2017-04-07 11:54:22 [scrapy.extensions.logstats] INFO: Crawled 136 pages (at 17 pages/min), scraped 101 items (at 17 items/min)
2017-04-07 11:54:42 [jieduba] INFO: SUB_APRSE_DETAIL IS RUNNING

2017-04-07 11:55:22 [scrapy.extensions.logstats] INFO: Crawled 153 pages (at 17 pages/min), scraped 117 items (at 16 items/min)
2017-04-07 11:56:22 [scrapy.extensions.logstats] INFO: Crawled 169 pages (at 16 pages/min), scraped 133 items (at 16 items/min)
2017-04-07 11:56:53 [jieduba] INFO: SUB_APRSE_DETAIL IS RUNNING

2017-04-07 11:57:22 [scrapy.extensions.logstats] INFO: Crawled 187 pages (at 18 pages/min), scraped 151 items (at 18 items/min)
2017-04-07 11:58:22 [scrapy.extensions.logstats] INFO: Crawled 204 pages (at 17 pages/min), scraped 168 items (at 17 items/min)
2017-04-07 11:59:22 [scrapy.extensions.logstats] INFO: Crawled 222 pages (at 18 pages/min), scraped 185 items (at 17 items/min)
2017-04-07 12:00:22 [scrapy.extensions.logstats] INFO: Crawled 238 pages (at 16 pages/min), scraped 201 items (at 16 items/min)
2017-04-07 12:01:12 [jieduba] INFO: SUB_APRSE_DETAIL IS RUNNING

2017-04-07 12:01:22 [scrapy.extensions.logstats] INFO: Crawled 254 pages (at 16 pages/min), scraped 217 items (at 16 items/min)
2017-04-07 12:02:22 [scrapy.extensions.logstats] INFO: Crawled 270 pages (at 16 pages/min), scraped 233 items (at 16 items/min)
2017-04-07 12:03:22 [scrapy.extensions.logstats] INFO: Crawled 286 pages (at 16 pages/min), scraped 249 items (at 16 items/min)
2017-04-07 12:04:22 [scrapy.extensions.logstats] INFO: Crawled 302 pages (at 16 pages/min), scraped 265 items (at 16 items/min)
2017-04-07 12:05:22 [scrapy.extensions.logstats] INFO: Crawled 319 pages (at 17 pages/min), scraped 281 items (at 16 items/min)
2017-04-07 12:06:22 [scrapy.extensions.logstats] INFO: Crawled 336 pages (at 17 pages/min), scraped 298 items (at 17 items/min)
2017-04-07 12:06:43 [jieduba] INFO: SUB_APRSE_DETAIL IS RUNNING

2017-04-07 12:07:22 [scrapy.extensions.logstats] INFO: Crawled 353 pages (at 17 pages/min), scraped 314 items (at 16 items/min)
2017-04-07 12:08:22 [scrapy.extensions.logstats] INFO: Crawled 370 pages (at 17 pages/min), scraped 331 items (at 17 items/min)
2017-04-07 12:08:38 [jieduba] INFO: SUB_APRSE_DETAIL IS RUNNING

2017-04-07 12:09:22 [scrapy.extensions.logstats] INFO: Crawled 388 pages (at 18 pages/min), scraped 347 items (at 16 items/min)
2017-04-07 12:10:22 [scrapy.extensions.logstats] INFO: Crawled 404 pages (at 16 pages/min), scraped 363 items (at 16 items/min)
2017-04-07 12:10:26 [jieduba] INFO: SUB_APRSE_DETAIL IS RUNNING

2017-04-07 12:10:34 [jieduba] INFO: SUB_APRSE_DETAIL IS RUNNING

2017-04-07 12:11:22 [scrapy.extensions.logstats] INFO: Crawled 422 pages (at 18 pages/min), scraped 380 items (at 17 items/min)
2017-04-07 12:12:22 [jieduba] INFO: SUB_APRSE_DETAIL IS RUNNING

2017-04-07 12:12:22 [scrapy.extensions.logstats] INFO: Crawled 439 pages (at 17 pages/min), scraped 397 items (at 17 items/min)
2017-04-07 12:13:22 [scrapy.extensions.logstats] INFO: Crawled 456 pages (at 17 pages/min), scraped 414 items (at 17 items/min)
2017-04-07 12:14:22 [scrapy.extensions.logstats] INFO: Crawled 472 pages (at 16 pages/min), scraped 430 items (at 16 items/min)
2017-04-07 12:15:22 [scrapy.extensions.logstats] INFO: Crawled 489 pages (at 17 pages/min), scraped 447 items (at 17 items/min)
2017-04-07 12:16:22 [scrapy.extensions.logstats] INFO: Crawled 505 pages (at 16 pages/min), scraped 463 items (at 16 items/min)
2017-04-07 12:17:22 [scrapy.extensions.logstats] INFO: Crawled 521 pages (at 16 pages/min), scraped 479 items (at 16 items/min)
2017-04-07 12:18:22 [scrapy.extensions.logstats] INFO: Crawled 538 pages (at 17 pages/min), scraped 495 items (at 16 items/min)
2017-04-07 12:19:22 [scrapy.extensions.logstats] INFO: Crawled 555 pages (at 17 pages/min), scraped 511 items (at 16 items/min)
2017-04-07 12:20:12 [jieduba] INFO: SUB_APRSE_DETAIL IS RUNNING

2017-04-07 12:20:22 [scrapy.extensions.logstats] INFO: Crawled 572 pages (at 17 pages/min), scraped 528 items (at 17 items/min)
2017-04-07 12:20:34 [jieduba] INFO: SUB_APRSE_DETAIL IS RUNNING

2017-04-07 12:21:22 [scrapy.extensions.logstats] INFO: Crawled 588 pages (at 16 pages/min), scraped 543 items (at 15 items/min)
2017-04-07 12:22:22 [scrapy.extensions.logstats] INFO: Crawled 604 pages (at 16 pages/min), scraped 559 items (at 16 items/min)
2017-04-07 12:22:38 [jieduba] INFO: SUB_APRSE_DETAIL IS RUNNING

2017-04-07 12:23:22 [scrapy.extensions.logstats] INFO: Crawled 620 pages (at 16 pages/min), scraped 575 items (at 16 items/min)
2017-04-07 12:24:22 [scrapy.extensions.logstats] INFO: Crawled 636 pages (at 16 pages/min), scraped 590 items (at 15 items/min)
2017-04-07 12:25:22 [scrapy.extensions.logstats] INFO: Crawled 653 pages (at 17 pages/min), scraped 607 items (at 17 items/min)
2017-04-07 12:25:52 [jieduba] INFO: SUB_APRSE_DETAIL IS RUNNING

2017-04-07 12:26:22 [scrapy.extensions.logstats] INFO: Crawled 670 pages (at 17 pages/min), scraped 624 items (at 17 items/min)
2017-04-07 12:27:22 [scrapy.extensions.logstats] INFO: Crawled 686 pages (at 16 pages/min), scraped 640 items (at 16 items/min)
2017-04-07 12:28:22 [scrapy.extensions.logstats] INFO: Crawled 704 pages (at 18 pages/min), scraped 658 items (at 18 items/min)
2017-04-07 12:29:22 [scrapy.extensions.logstats] INFO: Crawled 720 pages (at 16 pages/min), scraped 674 items (at 16 items/min)
2017-04-07 12:30:22 [scrapy.extensions.logstats] INFO: Crawled 737 pages (at 17 pages/min), scraped 691 items (at 17 items/min)
2017-04-07 12:31:22 [scrapy.extensions.logstats] INFO: Crawled 754 pages (at 17 pages/min), scraped 707 items (at 16 items/min)
2017-04-07 12:32:22 [scrapy.extensions.logstats] INFO: Crawled 770 pages (at 16 pages/min), scraped 723 items (at 16 items/min)
2017-04-07 12:32:23 [jieduba] INFO: SUB_APRSE_DETAIL IS RUNNING

2017-04-07 12:33:22 [scrapy.extensions.logstats] INFO: Crawled 789 pages (at 19 pages/min), scraped 741 items (at 18 items/min)
2017-04-07 12:34:17 [jieduba] INFO: SUB_APRSE_DETAIL IS RUNNING

2017-04-07 12:34:22 [scrapy.extensions.logstats] INFO: Crawled 806 pages (at 17 pages/min), scraped 757 items (at 16 items/min)
2017-04-07 12:35:22 [scrapy.extensions.logstats] INFO: Crawled 822 pages (at 16 pages/min), scraped 773 items (at 16 items/min)
2017-04-07 12:36:11 [jieduba] INFO: SUB_APRSE_DETAIL IS RUNNING

2017-04-07 12:36:22 [scrapy.extensions.logstats] INFO: Crawled 840 pages (at 18 pages/min), scraped 791 items (at 18 items/min)
2017-04-07 12:37:22 [scrapy.extensions.logstats] INFO: Crawled 855 pages (at 15 pages/min), scraped 806 items (at 15 items/min)
2017-04-07 12:38:22 [scrapy.extensions.logstats] INFO: Crawled 870 pages (at 15 pages/min), scraped 821 items (at 15 items/min)
2017-04-07 12:39:22 [scrapy.extensions.logstats] INFO: Crawled 886 pages (at 16 pages/min), scraped 837 items (at 16 items/min)
2017-04-07 12:40:22 [scrapy.extensions.logstats] INFO: Crawled 902 pages (at 16 pages/min), scraped 853 items (at 16 items/min)
2017-04-07 12:41:22 [scrapy.extensions.logstats] INFO: Crawled 919 pages (at 17 pages/min), scraped 870 items (at 17 items/min)
2017-04-07 12:42:22 [scrapy.extensions.logstats] INFO: Crawled 936 pages (at 17 pages/min), scraped 887 items (at 17 items/min)
2017-04-07 12:43:22 [scrapy.extensions.logstats] INFO: Crawled 952 pages (at 16 pages/min), scraped 903 items (at 16 items/min)
2017-04-07 12:44:22 [scrapy.extensions.logstats] INFO: Crawled 968 pages (at 16 pages/min), scraped 919 items (at 16 items/min)
2017-04-07 12:45:22 [scrapy.extensions.logstats] INFO: Crawled 986 pages (at 18 pages/min), scraped 936 items (at 17 items/min)
2017-04-07 12:46:22 [scrapy.extensions.logstats] INFO: Crawled 1002 pages (at 16 pages/min), scraped 953 items (at 17 items/min)
2017-04-07 12:47:22 [scrapy.extensions.logstats] INFO: Crawled 1017 pages (at 15 pages/min), scraped 968 items (at 15 items/min)
2017-04-07 12:48:22 [scrapy.extensions.logstats] INFO: Crawled 1033 pages (at 16 pages/min), scraped 984 items (at 16 items/min)
2017-04-07 12:49:22 [scrapy.extensions.logstats] INFO: Crawled 1050 pages (at 17 pages/min), scraped 1001 items (at 17 items/min)
2017-04-07 12:50:22 [scrapy.extensions.logstats] INFO: Crawled 1065 pages (at 15 pages/min), scraped 1016 items (at 15 items/min)
2017-04-07 12:51:22 [scrapy.extensions.logstats] INFO: Crawled 1082 pages (at 17 pages/min), scraped 1033 items (at 17 items/min)
2017-04-07 12:52:22 [scrapy.extensions.logstats] INFO: Crawled 1099 pages (at 17 pages/min), scraped 1050 items (at 17 items/min)
2017-04-07 12:53:22 [scrapy.extensions.logstats] INFO: Crawled 1115 pages (at 16 pages/min), scraped 1066 items (at 16 items/min)
2017-04-07 12:54:22 [scrapy.extensions.logstats] INFO: Crawled 1131 pages (at 16 pages/min), scraped 1081 items (at 15 items/min)
2017-04-07 12:55:22 [scrapy.extensions.logstats] INFO: Crawled 1148 pages (at 17 pages/min), scraped 1098 items (at 17 items/min)
2017-04-07 12:55:50 [jieduba] INFO: SUB_APRSE_DETAIL IS RUNNING

2017-04-07 12:56:22 [scrapy.extensions.logstats] INFO: Crawled 1163 pages (at 15 pages/min), scraped 1113 items (at 15 items/min)
2017-04-07 12:57:22 [scrapy.extensions.logstats] INFO: Crawled 1181 pages (at 18 pages/min), scraped 1131 items (at 18 items/min)
2017-04-07 12:58:22 [scrapy.extensions.logstats] INFO: Crawled 1196 pages (at 15 pages/min), scraped 1146 items (at 15 items/min)
2017-04-07 12:59:22 [scrapy.extensions.logstats] INFO: Crawled 1212 pages (at 16 pages/min), scraped 1162 items (at 16 items/min)
2017-04-07 13:00:22 [scrapy.extensions.logstats] INFO: Crawled 1227 pages (at 15 pages/min), scraped 1177 items (at 15 items/min)
2017-04-07 13:01:22 [scrapy.extensions.logstats] INFO: Crawled 1244 pages (at 17 pages/min), scraped 1194 items (at 17 items/min)
2017-04-07 13:02:22 [scrapy.extensions.logstats] INFO: Crawled 1260 pages (at 16 pages/min), scraped 1210 items (at 16 items/min)
2017-04-07 13:03:22 [scrapy.extensions.logstats] INFO: Crawled 1275 pages (at 15 pages/min), scraped 1225 items (at 15 items/min)
2017-04-07 13:04:22 [scrapy.extensions.logstats] INFO: Crawled 1293 pages (at 18 pages/min), scraped 1243 items (at 18 items/min)
2017-04-07 13:05:22 [scrapy.extensions.logstats] INFO: Crawled 1310 pages (at 17 pages/min), scraped 1260 items (at 17 items/min)
2017-04-07 13:06:22 [scrapy.extensions.logstats] INFO: Crawled 1326 pages (at 16 pages/min), scraped 1276 items (at 16 items/min)
2017-04-07 13:07:22 [scrapy.extensions.logstats] INFO: Crawled 1342 pages (at 16 pages/min), scraped 1291 items (at 15 items/min)
2017-04-07 13:08:22 [scrapy.extensions.logstats] INFO: Crawled 1359 pages (at 17 pages/min), scraped 1309 items (at 18 items/min)
2017-04-07 13:09:22 [scrapy.extensions.logstats] INFO: Crawled 1375 pages (at 16 pages/min), scraped 1325 items (at 16 items/min)
2017-04-07 13:10:22 [scrapy.extensions.logstats] INFO: Crawled 1390 pages (at 15 pages/min), scraped 1340 items (at 15 items/min)
2017-04-07 13:11:22 [scrapy.extensions.logstats] INFO: Crawled 1405 pages (at 15 pages/min), scraped 1349 items (at 9 items/min)
2017-04-07 13:12:22 [scrapy.extensions.logstats] INFO: Crawled 1423 pages (at 18 pages/min), scraped 1367 items (at 18 items/min)
2017-04-07 13:12:29 [jieduba] INFO: SUB_APRSE_DETAIL IS RUNNING

2017-04-07 13:12:33 [jieduba] INFO: SUB_APRSE_DETAIL IS RUNNING

2017-04-07 13:12:47 [jieduba] INFO: SUB_APRSE_DETAIL IS RUNNING

2017-04-07 13:12:50 [jieduba] INFO: SUB_APRSE_DETAIL IS RUNNING

2017-04-07 13:12:54 [jieduba] INFO: SUB_APRSE_DETAIL IS RUNNING

2017-04-07 13:12:58 [jieduba] INFO: SUB_APRSE_DETAIL IS RUNNING

2017-04-07 13:13:22 [scrapy.extensions.logstats] INFO: Crawled 1439 pages (at 16 pages/min), scraped 1382 items (at 15 items/min)
2017-04-07 13:14:22 [scrapy.extensions.logstats] INFO: Crawled 1456 pages (at 17 pages/min), scraped 1397 items (at 15 items/min)
2017-04-07 13:14:48 [jieduba] INFO: SUB_APRSE_DETAIL IS RUNNING

2017-04-07 13:15:22 [scrapy.extensions.logstats] INFO: Crawled 1471 pages (at 15 pages/min), scraped 1409 items (at 12 items/min)
2017-04-07 13:15:54 [jieduba] INFO: SUB_APRSE_DETAIL IS RUNNING

2017-04-07 13:16:22 [scrapy.extensions.logstats] INFO: Crawled 1487 pages (at 16 pages/min), scraped 1425 items (at 16 items/min)
2017-04-07 13:16:23 [jieduba] INFO: SUB_APRSE_DETAIL IS RUNNING

2017-04-07 13:16:34 [jieduba] INFO: SUB_APRSE_DETAIL IS RUNNING

2017-04-07 13:16:44 [jieduba] INFO: SUB_APRSE_DETAIL IS RUNNING

2017-04-07 13:16:52 [jieduba] INFO: SUB_APRSE_DETAIL IS RUNNING

2017-04-07 13:17:22 [scrapy.extensions.logstats] INFO: Crawled 1504 pages (at 17 pages/min), scraped 1439 items (at 14 items/min)
2017-04-07 13:18:22 [scrapy.extensions.logstats] INFO: Crawled 1520 pages (at 16 pages/min), scraped 1455 items (at 16 items/min)
2017-04-07 13:18:36 [jieduba] INFO: SUB_APRSE_DETAIL IS RUNNING

2017-04-07 13:18:49 [jieduba] INFO: SUB_APRSE_DETAIL IS RUNNING

2017-04-07 13:18:56 [jieduba] INFO: SUB_APRSE_DETAIL IS RUNNING

2017-04-07 13:19:22 [scrapy.extensions.logstats] INFO: Crawled 1535 pages (at 15 pages/min), scraped 1467 items (at 12 items/min)
2017-04-07 13:20:22 [scrapy.extensions.logstats] INFO: Crawled 1552 pages (at 17 pages/min), scraped 1484 items (at 17 items/min)
2017-04-07 13:20:40 [jieduba] INFO: SUB_APRSE_DETAIL IS RUNNING

2017-04-07 13:20:47 [jieduba] INFO: SUB_APRSE_DETAIL IS RUNNING

2017-04-07 13:20:52 [jieduba] INFO: SUB_APRSE_DETAIL IS RUNNING

2017-04-07 13:21:22 [scrapy.extensions.logstats] INFO: Crawled 1569 pages (at 17 pages/min), scraped 1499 items (at 15 items/min)
2017-04-07 13:22:22 [scrapy.extensions.logstats] INFO: Crawled 1586 pages (at 17 pages/min), scraped 1514 items (at 15 items/min)
2017-04-07 13:22:35 [jieduba] INFO: SUB_APRSE_DETAIL IS RUNNING

2017-04-07 13:22:56 [jieduba] INFO: SUB_APRSE_DETAIL IS RUNNING

2017-04-07 13:23:22 [scrapy.extensions.logstats] INFO: Crawled 1602 pages (at 16 pages/min), scraped 1527 items (at 13 items/min)
2017-04-07 13:23:30 [jieduba] INFO: SUB_APRSE_DETAIL IS RUNNING

2017-04-07 13:24:17 [jieduba] INFO: SUB_APRSE_DETAIL IS RUNNING

2017-04-07 13:24:19 [jieduba] INFO: SUB_APRSE_DETAIL IS RUNNING

2017-04-07 13:24:22 [scrapy.extensions.logstats] INFO: Crawled 1621 pages (at 19 pages/min), scraped 1545 items (at 18 items/min)
2017-04-07 13:24:29 [jieduba] INFO: SUB_APRSE_DETAIL IS RUNNING

2017-04-07 13:24:33 [jieduba] INFO: Post Detail Page error--https://tieba.baidu.com/p/5060678977
2017-04-07 13:24:47 [jieduba] INFO: SUB_APRSE_DETAIL IS RUNNING

2017-04-07 13:25:23 [scrapy.extensions.logstats] INFO: Crawled 1637 pages (at 16 pages/min), scraped 1549 items (at 4 items/min)
2017-04-07 13:25:26 [jieduba] INFO: SUB_APRSE_DETAIL IS RUNNING

2017-04-07 13:26:22 [scrapy.extensions.logstats] INFO: Crawled 1652 pages (at 15 pages/min), scraped 1549 items (at 0 items/min)
2017-04-07 13:26:36 [jieduba] INFO: SUB_APRSE_DETAIL IS RUNNING

2017-04-07 13:26:51 [jieduba] INFO: SUB_APRSE_DETAIL IS RUNNING

2017-04-07 13:27:22 [scrapy.extensions.logstats] INFO: Crawled 1668 pages (at 16 pages/min), scraped 1556 items (at 7 items/min)
2017-04-07 13:27:30 [jieduba] INFO: SUB_APRSE_DETAIL IS RUNNING

2017-04-07 13:28:22 [scrapy.extensions.logstats] INFO: Crawled 1684 pages (at 16 pages/min), scraped 1572 items (at 16 items/min)
2017-04-07 13:28:38 [jieduba] INFO: SUB_APRSE_DETAIL IS RUNNING

2017-04-07 13:28:50 [jieduba] INFO: SUB_APRSE_DETAIL IS RUNNING

2017-04-07 13:29:22 [scrapy.extensions.logstats] INFO: Crawled 1701 pages (at 17 pages/min), scraped 1587 items (at 15 items/min)
2017-04-07 13:30:22 [scrapy.extensions.logstats] INFO: Crawled 1716 pages (at 15 pages/min), scraped 1602 items (at 15 items/min)
2017-04-07 13:30:40 [jieduba] INFO: SUB_APRSE_DETAIL IS RUNNING

2017-04-07 13:30:55 [jieduba] INFO: SUB_APRSE_DETAIL IS RUNNING

2017-04-07 13:31:22 [scrapy.extensions.logstats] INFO: Crawled 1734 pages (at 18 pages/min), scraped 1618 items (at 16 items/min)
2017-04-07 13:32:22 [scrapy.extensions.logstats] INFO: Crawled 1751 pages (at 17 pages/min), scraped 1635 items (at 17 items/min)
2017-04-07 13:32:34 [jieduba] INFO: SUB_APRSE_DETAIL IS RUNNING

2017-04-07 13:32:50 [jieduba] INFO: SUB_APRSE_DETAIL IS RUNNING

2017-04-07 13:33:22 [scrapy.extensions.logstats] INFO: Crawled 1768 pages (at 17 pages/min), scraped 1650 items (at 15 items/min)
2017-04-07 13:34:22 [scrapy.extensions.logstats] INFO: Crawled 1785 pages (at 17 pages/min), scraped 1667 items (at 17 items/min)
2017-04-07 13:34:34 [jieduba] INFO: SUB_APRSE_DETAIL IS RUNNING

2017-04-07 13:34:49 [jieduba] INFO: SUB_APRSE_DETAIL IS RUNNING

2017-04-07 13:35:22 [scrapy.extensions.logstats] INFO: Crawled 1801 pages (at 16 pages/min), scraped 1681 items (at 14 items/min)
2017-04-07 13:36:22 [scrapy.extensions.logstats] INFO: Crawled 1817 pages (at 16 pages/min), scraped 1697 items (at 16 items/min)
2017-04-07 13:36:36 [jieduba] INFO: SUB_APRSE_DETAIL IS RUNNING

2017-04-07 13:36:51 [jieduba] INFO: SUB_APRSE_DETAIL IS RUNNING

2017-04-07 13:37:22 [scrapy.extensions.logstats] INFO: Crawled 1834 pages (at 17 pages/min), scraped 1712 items (at 15 items/min)
2017-04-07 13:38:22 [scrapy.extensions.logstats] INFO: Crawled 1850 pages (at 16 pages/min), scraped 1728 items (at 16 items/min)
2017-04-07 13:38:34 [jieduba] INFO: SUB_APRSE_DETAIL IS RUNNING

2017-04-07 13:38:48 [jieduba] INFO: SUB_APRSE_DETAIL IS RUNNING

2017-04-07 13:39:22 [scrapy.extensions.logstats] INFO: Crawled 1866 pages (at 16 pages/min), scraped 1742 items (at 14 items/min)
2017-04-07 13:40:22 [scrapy.extensions.logstats] INFO: Crawled 1885 pages (at 19 pages/min), scraped 1761 items (at 19 items/min)
2017-04-07 13:40:29 [jieduba] INFO: SUB_APRSE_DETAIL IS RUNNING

2017-04-07 13:40:45 [jieduba] INFO: SUB_APRSE_DETAIL IS RUNNING

2017-04-07 13:41:22 [scrapy.extensions.logstats] INFO: Crawled 1901 pages (at 16 pages/min), scraped 1775 items (at 14 items/min)
2017-04-07 13:42:22 [scrapy.extensions.logstats] INFO: Crawled 1919 pages (at 18 pages/min), scraped 1793 items (at 18 items/min)
2017-04-07 13:42:24 [jieduba] INFO: SUB_APRSE_DETAIL IS RUNNING

2017-04-07 13:42:39 [jieduba] INFO: SUB_APRSE_DETAIL IS RUNNING

2017-04-07 13:43:22 [scrapy.extensions.logstats] INFO: Crawled 1935 pages (at 16 pages/min), scraped 1807 items (at 14 items/min)
2017-04-07 13:44:22 [scrapy.extensions.logstats] INFO: Crawled 1952 pages (at 17 pages/min), scraped 1824 items (at 17 items/min)
2017-04-07 13:44:23 [jieduba] INFO: SUB_APRSE_DETAIL IS RUNNING

2017-04-07 13:44:39 [jieduba] INFO: SUB_APRSE_DETAIL IS RUNNING

2017-04-07 13:45:22 [scrapy.extensions.logstats] INFO: Crawled 1969 pages (at 17 pages/min), scraped 1839 items (at 15 items/min)
2017-04-07 13:46:22 [scrapy.extensions.logstats] INFO: Crawled 1985 pages (at 16 pages/min), scraped 1855 items (at 16 items/min)
2017-04-07 13:46:23 [jieduba] INFO: SUB_APRSE_DETAIL IS RUNNING

2017-04-07 13:46:37 [jieduba] INFO: SUB_APRSE_DETAIL IS RUNNING

2017-04-07 13:47:22 [scrapy.extensions.logstats] INFO: Crawled 2003 pages (at 18 pages/min), scraped 1871 items (at 16 items/min)
2017-04-07 13:48:19 [jieduba] INFO: SUB_APRSE_DETAIL IS RUNNING

2017-04-07 13:48:22 [scrapy.extensions.logstats] INFO: Crawled 2020 pages (at 17 pages/min), scraped 1887 items (at 16 items/min)
2017-04-07 13:48:33 [jieduba] INFO: SUB_APRSE_DETAIL IS RUNNING

2017-04-07 13:49:22 [scrapy.extensions.logstats] INFO: Crawled 2036 pages (at 16 pages/min), scraped 1902 items (at 15 items/min)
2017-04-07 13:50:22 [scrapy.extensions.logstats] INFO: Crawled 2051 pages (at 15 pages/min), scraped 1917 items (at 15 items/min)
2017-04-07 13:50:23 [jieduba] INFO: SUB_APRSE_DETAIL IS RUNNING

2017-04-07 13:50:38 [jieduba] INFO: SUB_APRSE_DETAIL IS RUNNING

2017-04-07 13:51:22 [scrapy.extensions.logstats] INFO: Crawled 2067 pages (at 16 pages/min), scraped 1931 items (at 14 items/min)
2017-04-07 13:52:22 [scrapy.extensions.logstats] INFO: Crawled 2083 pages (at 16 pages/min), scraped 1947 items (at 16 items/min)
2017-04-07 13:52:30 [jieduba] INFO: SUB_APRSE_DETAIL IS RUNNING

2017-04-07 13:52:45 [jieduba] INFO: SUB_APRSE_DETAIL IS RUNNING

2017-04-07 13:53:22 [scrapy.extensions.logstats] INFO: Crawled 2099 pages (at 16 pages/min), scraped 1961 items (at 14 items/min)
2017-04-07 13:54:22 [scrapy.extensions.logstats] INFO: Crawled 2117 pages (at 18 pages/min), scraped 1978 items (at 17 items/min)
2017-04-07 13:54:25 [jieduba] INFO: SUB_APRSE_DETAIL IS RUNNING

2017-04-07 13:54:42 [jieduba] INFO: SUB_APRSE_DETAIL IS RUNNING

2017-04-07 13:55:22 [scrapy.extensions.logstats] INFO: Crawled 2132 pages (at 15 pages/min), scraped 1991 items (at 13 items/min)
2017-04-07 13:55:42 [jieduba] INFO: SUB_APRSE_DETAIL IS RUNNING

2017-04-07 13:56:22 [scrapy.extensions.logstats] INFO: Crawled 2149 pages (at 17 pages/min), scraped 2008 items (at 17 items/min)
2017-04-07 13:56:27 [jieduba] INFO: SUB_APRSE_DETAIL IS RUNNING

2017-04-07 13:56:43 [jieduba] INFO: SUB_APRSE_DETAIL IS RUNNING

2017-04-07 13:57:22 [scrapy.extensions.logstats] INFO: Crawled 2166 pages (at 17 pages/min), scraped 2023 items (at 15 items/min)
2017-04-07 13:58:22 [scrapy.extensions.logstats] INFO: Crawled 2181 pages (at 15 pages/min), scraped 2038 items (at 15 items/min)
2017-04-07 13:58:31 [jieduba] INFO: SUB_APRSE_DETAIL IS RUNNING

2017-04-07 13:58:47 [jieduba] INFO: SUB_APRSE_DETAIL IS RUNNING

2017-04-07 13:59:22 [scrapy.extensions.logstats] INFO: Crawled 2197 pages (at 16 pages/min), scraped 2053 items (at 15 items/min)
2017-04-07 14:00:22 [scrapy.extensions.logstats] INFO: Crawled 2213 pages (at 16 pages/min), scraped 2069 items (at 16 items/min)
2017-04-07 14:00:51 [jieduba] INFO: SUB_APRSE_DETAIL IS RUNNING

2017-04-07 14:01:22 [scrapy.extensions.logstats] INFO: Crawled 2229 pages (at 16 pages/min), scraped 2084 items (at 15 items/min)
2017-04-07 14:02:22 [scrapy.extensions.logstats] INFO: Crawled 2244 pages (at 15 pages/min), scraped 2099 items (at 15 items/min)
2017-04-07 14:02:59 [jieduba] INFO: SUB_APRSE_DETAIL IS RUNNING

2017-04-07 14:03:22 [scrapy.extensions.logstats] INFO: Crawled 2260 pages (at 16 pages/min), scraped 2114 items (at 15 items/min)
2017-04-07 14:04:22 [scrapy.extensions.logstats] INFO: Crawled 2275 pages (at 15 pages/min), scraped 2129 items (at 15 items/min)
2017-04-07 14:05:01 [jieduba] INFO: SUB_APRSE_DETAIL IS RUNNING

2017-04-07 14:05:22 [scrapy.extensions.logstats] INFO: Crawled 2294 pages (at 19 pages/min), scraped 2147 items (at 18 items/min)
2017-04-07 14:06:22 [scrapy.extensions.logstats] INFO: Crawled 2309 pages (at 15 pages/min), scraped 2162 items (at 15 items/min)
2017-04-07 14:07:00 [jieduba] INFO: SUB_APRSE_DETAIL IS RUNNING

2017-04-07 14:07:22 [scrapy.extensions.logstats] INFO: Crawled 2326 pages (at 17 pages/min), scraped 2178 items (at 16 items/min)
2017-04-07 14:08:22 [scrapy.extensions.logstats] INFO: Crawled 2342 pages (at 16 pages/min), scraped 2194 items (at 16 items/min)
2017-04-07 14:08:55 [jieduba] INFO: SUB_APRSE_DETAIL IS RUNNING

2017-04-07 14:09:22 [scrapy.extensions.logstats] INFO: Crawled 2360 pages (at 18 pages/min), scraped 2210 items (at 16 items/min)
2017-04-07 14:10:23 [scrapy.extensions.logstats] INFO: Crawled 2377 pages (at 17 pages/min), scraped 2227 items (at 17 items/min)
2017-04-07 14:10:55 [jieduba] INFO: SUB_APRSE_DETAIL IS RUNNING

2017-04-07 14:11:05 [jieduba] INFO: SUB_APRSE_DETAIL IS RUNNING

2017-04-07 14:11:22 [scrapy.extensions.logstats] INFO: Crawled 2394 pages (at 17 pages/min), scraped 2243 items (at 16 items/min)
2017-04-07 14:12:22 [scrapy.extensions.logstats] INFO: Crawled 2411 pages (at 17 pages/min), scraped 2259 items (at 16 items/min)
2017-04-07 14:12:52 [jieduba] INFO: SUB_APRSE_DETAIL IS RUNNING

2017-04-07 14:13:07 [scrapy.crawler] INFO: Received SIGINT, shutting down gracefully. Send again to force 
2017-04-07 14:13:07 [scrapy.core.engine] INFO: Closing spider (shutdown)
2017-04-07 14:13:10 [scrapy.crawler] INFO: Received SIGINT twice, forcing unclean shutdown
